<?xml version="1.0" encoding="UTF-8"?>
<testsuite xmlns:xsi="http://www.w3.org/2001/XMLSchema-instance" xsi:noNamespaceSchemaLocation="https://maven.apache.org/surefire/maven-surefire-plugin/xsd/surefire-test-report.xsd" version="3.0.2" name="com.example.ToDoList.commands.ListTasksCommandTest" time="0.49" tests="6" errors="0" skipped="0" failures="0">
  <properties>
[...]
</properties>
  <testcase name="testListTasksByStatusTodo" classname="com.example.ToDoList.commands.ListTasksCommandTest" time="0.474">
    <system-err><![CDATA[Mockito is currently self-attaching to enable the inline-mock-maker. This will no longer work in future releases of the JDK. Please add Mockito as an agent to your build as described in Mockito's documentation: https://javadoc.io/doc/org.mockito/mockito-core/latest/org.mockito/org/mockito/Mockito.html#0.3
WARNING: A Java agent has been loaded dynamically (/Users/pablo/.m2/repository/net/bytebuddy/byte-buddy-agent/1.17.6/byte-buddy-agent-1.17.6.jar)
WARNING: If a serviceability tool is in use, please run with -XX:+EnableDynamicAgentLoading to hide this warning
WARNING: If a serviceability tool is not in use, please run with -Djdk.instrument.traceUsage for more information
WARNING: Dynamic loading of agents will be disallowed by default in a future release
]]></system-err>
  </testcase>
  <testcase name="testListTasksEmptyList" classname="com.example.ToDoList.commands.ListTasksCommandTest" time="0.003"/>
  <testcase name="testListTasksByStatusInProgress" classname="com.example.ToDoList.commands.ListTasksCommandTest" time="0.002"/>
  <testcase name="testListAllTasks" classname="com.example.ToDoList.commands.ListTasksCommandTest" time="0.003"/>
  <testcase name="testListTasksByStatusCompleted" classname="com.example.ToDoList.commands.ListTasksCommandTest" time="0.002"/>
  <testcase name="testListTasksInvalidStatus" classname="com.example.ToDoList.commands.ListTasksCommandTest" time="0.001"/>
</testsuite>